[2019-03-30 14:17:30.53110] [16522] [info] Listening at "http://*:3000"
[2019-03-30 14:17:44.48071] [16522] [debug] GET "/" (1b8bb8f7)
[2019-03-30 14:17:44.48404] [16522] [debug] Template "not_found.development.html.ep" not found
[2019-03-30 14:17:44.48456] [16522] [debug] Template "not_found.html.ep" not found
[2019-03-30 14:17:44.48490] [16522] [debug] Rendering template "mojo/debug.html.ep"
[2019-03-30 14:17:44.53082] [16522] [debug] Your secret passphrase needs to be changed
[2019-03-30 14:17:44.56672] [16522] [debug] 404 Not Found (0.085976s, 11.631/s)
[2019-03-30 14:18:04.63011] [16522] [debug] GET "/testing" (075d6f72)
[2019-03-30 14:18:04.63080] [16522] [debug] Routing to a callback
[2019-03-30 14:18:04.84839] [16522] [debug] 200 OK (0.218198s, 4.583/s)
[2019-03-30 14:18:14.72672] [16522] [debug] GET "/yanciness/" (1bd22ea0)
[2019-03-30 14:18:14.73212] [16522] [debug] Routing to controller "Yancy::Controller::Yancy" and action "get"
[2019-03-30 14:18:14.73941] [16522] [debug] Rendering template "pages.html.ep"
[2019-03-30 14:18:14.74138] [16522] [debug] Rendering template "layouts/default.html.ep"
[2019-03-30 14:18:14.92381] [16522] [debug] 200 OK (0.197041s, 5.075/s)
[2019-03-30 14:29:24.42894] [16917] [debug] GET "/index" (9f90d66d)
[2019-03-30 14:29:24.43247] [16917] [debug] Template "not_found.development.html.ep" not found
[2019-03-30 14:29:24.43579] [16917] [debug] Template "not_found.html.ep" not found
[2019-03-30 14:29:24.43641] [16917] [debug] Rendering template "mojo/debug.html.ep"
[2019-03-30 14:29:24.48238] [16917] [debug] Your secret passphrase needs to be changed
[2019-03-30 14:29:24.51745] [16917] [debug] 404 Not Found (0.088505s, 11.299/s)
[2019-03-30 15:11:53.93163] [16917] [debug] GET "/yancy/api" (31e34484)
[2019-03-30 15:11:53.93260] [16917] [debug] Routing to a callback
[2019-03-30 15:11:53.94055] [16917] [debug] 200 OK (0.008858s, 112.892/s)
[2019-03-30 22:29:01.50738] [23111] [info] Listening at "http://*:3000"
[2019-03-30 22:29:35.50912] [23111] [debug] GET "/" (17c7fb6a)
[2019-03-30 22:29:35.51016] [23111] [debug] Routing to a callback
[2019-03-30 22:29:35.51189] [23111] [error] Can't locate object method "slurp" via package "lib/Petty/Model/../../../config/users.json" (perhaps you forgot to load "lib/Petty/Model/../../../config/users.json"?) at lib/Petty/Model/Users.pm line 28.

[2019-03-30 22:29:35.51401] [23111] [debug] Template "exception.development.html.ep" not found
[2019-03-30 22:29:35.51461] [23111] [debug] Template "exception.html.ep" not found
[2019-03-30 22:29:35.51501] [23111] [debug] Rendering template "mojo/debug.html.ep"
[2019-03-30 22:29:35.58323] [23111] [debug] 500 Internal Server Error (0.074099s, 13.495/s)
[2019-03-30 22:30:11.19489] [23182] [info] Listening at "http://*:3000"
[2019-03-30 22:30:15.88338] [23182] [debug] GET "/" (a5653373)
[2019-03-30 22:30:15.88442] [23182] [debug] Routing to a callback
[2019-03-30 22:30:15.88624] [23182] [error] Can't locate object method "slurp" via package "lib/Petty/Model/../../../config/users.json" (perhaps you forgot to load "lib/Petty/Model/../../../config/users.json"?) at lib/Petty/Model/Users.pm line 28.

[2019-03-30 22:30:15.88772] [23182] [debug] Template "exception.development.html.ep" not found
[2019-03-30 22:30:15.88811] [23182] [debug] Template "exception.html.ep" not found
[2019-03-30 22:30:15.88834] [23182] [debug] Rendering template "mojo/debug.html.ep"
[2019-03-30 22:30:15.95791] [23182] [debug] 500 Internal Server Error (0.074469s, 13.428/s)
[2019-03-30 22:43:37.07585] [23352] [info] Listening at "http://*:3000"
[2019-03-30 22:43:48.67106] [23352] [debug] GET "/" (ce5e1623)
[2019-03-30 22:43:48.67208] [23352] [debug] Routing to a callback
[2019-03-30 22:43:48.67435] [23352] [debug] 302 Found (0.003267s, 306.091/s)
[2019-03-30 22:43:48.74837] [23352] [debug] GET "/protected" (da77e394)
[2019-03-30 22:43:48.74936] [23352] [debug] Routing to a callback
[2019-03-30 22:43:48.75065] [23352] [debug] 302 Found (0.002246s, 445.236/s)
[2019-03-30 22:43:48.84254] [23352] [debug] GET "/" (38499a36)
[2019-03-30 22:43:48.84308] [23352] [debug] Routing to a callback
[2019-03-30 22:43:48.84522] [23352] [debug] 302 Found (0.002628s, 380.518/s)
[2019-03-30 22:43:48.90359] [23352] [debug] GET "/protected" (9341ee90)
[2019-03-30 22:43:48.90404] [23352] [debug] Routing to a callback
[2019-03-30 22:43:48.90511] [23352] [debug] 302 Found (0.001488s, 672.043/s)
[2019-03-30 22:43:48.99939] [23352] [debug] GET "/" (93a8a3c4)
[2019-03-30 22:43:48.99988] [23352] [debug] Routing to a callback
[2019-03-30 22:43:49.00163] [23352] [debug] 302 Found (0.002193s, 455.996/s)
[2019-03-30 22:43:49.11749] [23352] [debug] GET "/protected" (5fb80955)
[2019-03-30 22:43:49.11795] [23352] [debug] Routing to a callback
[2019-03-30 22:43:49.11935] [23352] [debug] 302 Found (0.001828s, 547.046/s)
[2019-03-30 22:43:49.25444] [23352] [debug] GET "/" (967a4278)
[2019-03-30 22:43:49.25485] [23352] [debug] Routing to a callback
[2019-03-30 22:43:49.25631] [23352] [debug] 302 Found (0.001831s, 546.150/s)
[2019-03-30 22:43:49.29966] [23352] [debug] GET "/protected" (5df84656)
[2019-03-30 22:43:49.30010] [23352] [debug] Routing to a callback
[2019-03-30 22:43:49.30117] [23352] [debug] 302 Found (0.001473s, 678.887/s)
[2019-03-30 22:43:49.45908] [23352] [debug] GET "/" (e2494e06)
[2019-03-30 22:43:49.45958] [23352] [debug] Routing to a callback
[2019-03-30 22:43:49.46147] [23352] [debug] 302 Found (0.002346s, 426.257/s)
[2019-03-30 22:43:49.50009] [23352] [debug] GET "/protected" (6a2f2331)
[2019-03-30 22:43:49.50048] [23352] [debug] Routing to a callback
[2019-03-30 22:43:49.50130] [23352] [debug] 302 Found (0.001177s, 849.618/s)
[2019-03-30 22:43:49.61638] [23352] [debug] GET "/" (3a085029)
[2019-03-30 22:43:49.61703] [23352] [debug] Routing to a callback
[2019-03-30 22:43:49.61917] [23352] [debug] 302 Found (0.002732s, 366.032/s)
[2019-03-30 22:43:49.72714] [23352] [debug] GET "/protected" (eaae771c)
[2019-03-30 22:43:49.72765] [23352] [debug] Routing to a callback
[2019-03-30 22:43:49.72882] [23352] [debug] 302 Found (0.001644s, 608.273/s)
[2019-03-30 22:43:49.82464] [23352] [debug] GET "/" (9c591e01)
[2019-03-30 22:43:49.82507] [23352] [debug] Routing to a callback
[2019-03-30 22:43:49.82679] [23352] [debug] 302 Found (0.002112s, 473.485/s)
[2019-03-30 22:43:49.86766] [23352] [debug] GET "/protected" (1d484fe3)
[2019-03-30 22:43:49.86809] [23352] [debug] Routing to a callback
[2019-03-30 22:43:49.86911] [23352] [debug] 302 Found (0.001415s, 706.714/s)
[2019-03-30 22:43:49.94691] [23352] [debug] GET "/" (e1b187d8)
[2019-03-30 22:43:49.94741] [23352] [debug] Routing to a callback
[2019-03-30 22:43:49.94932] [23352] [debug] 302 Found (0.002369s, 422.119/s)
[2019-03-30 22:43:49.99150] [23352] [debug] GET "/protected" (ae29c592)
[2019-03-30 22:43:49.99193] [23352] [debug] Routing to a callback
[2019-03-30 22:43:49.99297] [23352] [debug] 302 Found (0.001438s, 695.410/s)
[2019-03-30 22:43:50.08205] [23352] [debug] GET "/" (5ff6654d)
[2019-03-30 22:43:50.08246] [23352] [debug] Routing to a callback
[2019-03-30 22:43:50.08411] [23352] [debug] 302 Found (0.002014s, 496.524/s)
[2019-03-30 22:43:50.11661] [23352] [debug] GET "/protected" (4c912e59)
[2019-03-30 22:43:50.11709] [23352] [debug] Routing to a callback
[2019-03-30 22:43:50.11846] [23352] [debug] 302 Found (0.001799s, 555.864/s)
[2019-03-30 22:43:50.23044] [23352] [debug] GET "/" (5eeed601)
[2019-03-30 22:43:50.23098] [23352] [debug] Routing to a callback
[2019-03-30 22:43:50.23467] [23352] [debug] 302 Found (0.004175s, 239.521/s)
[2019-03-30 22:43:50.31009] [23352] [debug] GET "/protected" (2fcb33bd)
[2019-03-30 22:43:50.31057] [23352] [debug] Routing to a callback
[2019-03-30 22:43:50.31165] [23352] [debug] 302 Found (0.001523s, 656.599/s)
[2019-03-30 22:43:50.34719] [23352] [debug] GET "/" (08adffc2)
[2019-03-30 22:43:50.34765] [23352] [debug] Routing to a callback
[2019-03-30 22:43:50.34945] [23352] [debug] 302 Found (0.002215s, 451.467/s)
[2019-03-30 22:45:52.34044] [23438] [info] Listening at "http://*:3000"
[2019-03-30 22:45:57.82352] [23438] [debug] GET "/" (d1fef9f2)
[2019-03-30 22:45:57.82474] [23438] [debug] Routing to a callback
[2019-03-30 22:45:57.82636] [23438] [debug] Cookie "mojolicious" has a bad signature
[2019-03-30 22:45:57.82656] [23438] [debug] Cookie "mojolicious" has a bad signature
[2019-03-30 22:45:57.82713] [23438] [debug] 302 Found (0.003632s, 275.330/s)
[2019-03-30 22:45:57.93077] [23438] [debug] GET "/protected" (1aa15bfd)
[2019-03-30 22:45:57.93180] [23438] [debug] Routing to a callback
[2019-03-30 22:45:57.93307] [23438] [debug] 302 Found (0.002255s, 443.459/s)
[2019-03-30 22:45:57.96518] [23438] [debug] GET "/" (b9032ef0)
[2019-03-30 22:45:57.96558] [23438] [debug] Routing to a callback
[2019-03-30 22:45:57.96739] [23438] [debug] 302 Found (0.002174s, 459.982/s)
[2019-03-30 22:45:57.99671] [23438] [debug] GET "/protected" (f261b6dd)
[2019-03-30 22:45:57.99711] [23438] [debug] Routing to a callback
[2019-03-30 22:45:57.99817] [23438] [debug] 302 Found (0.001413s, 707.714/s)
[2019-03-30 22:45:58.09080] [23438] [debug] GET "/" (1f638ee3)
[2019-03-30 22:45:58.09123] [23438] [debug] Routing to a callback
[2019-03-30 22:45:58.09293] [23438] [debug] 302 Found (0.002087s, 479.157/s)
[2019-03-30 22:45:58.12464] [23438] [debug] GET "/protected" (1da174bd)
[2019-03-30 22:45:58.12510] [23438] [debug] Routing to a callback
[2019-03-30 22:45:58.12628] [23438] [debug] 302 Found (0.001597s, 626.174/s)
[2019-03-30 22:45:58.23144] [23438] [debug] GET "/" (9b01137e)
[2019-03-30 22:45:58.23188] [23438] [debug] Routing to a callback
[2019-03-30 22:45:58.23366] [23438] [debug] 302 Found (0.002185s, 457.666/s)
[2019-03-30 22:45:58.36820] [23438] [debug] GET "/protected" (622f89c8)
[2019-03-30 22:45:58.36872] [23438] [debug] Routing to a callback
[2019-03-30 22:45:58.37117] [23438] [debug] 302 Found (0.002912s, 343.407/s)
[2019-03-30 22:45:58.47632] [23438] [debug] GET "/" (eca1005a)
[2019-03-30 22:45:58.47682] [23438] [debug] Routing to a callback
[2019-03-30 22:45:58.48006] [23438] [debug] 302 Found (0.003677s, 271.961/s)
[2019-03-30 22:45:58.56684] [23438] [debug] GET "/protected" (67464f6f)
[2019-03-30 22:45:58.56741] [23438] [debug] Routing to a callback
[2019-03-30 22:45:58.56866] [23438] [debug] 302 Found (0.001781s, 561.482/s)
[2019-03-30 22:45:58.60272] [23438] [debug] GET "/" (b9c27e1d)
[2019-03-30 22:45:58.60318] [23438] [debug] Routing to a callback
[2019-03-30 22:45:58.60509] [23438] [debug] 302 Found (0.002335s, 428.266/s)
[2019-03-30 22:45:58.68650] [23438] [debug] GET "/protected" (951798cb)
[2019-03-30 22:45:58.68708] [23438] [debug] Routing to a callback
[2019-03-30 22:45:58.68805] [23438] [debug] 302 Found (0.001525s, 655.738/s)
[2019-03-30 22:45:58.71846] [23438] [debug] GET "/" (c0b79d49)
[2019-03-30 22:45:58.71887] [23438] [debug] Routing to a callback
[2019-03-30 22:45:58.72089] [23438] [debug] 302 Found (0.002386s, 419.111/s)
[2019-03-30 22:45:58.82933] [23438] [debug] GET "/protected" (313a1848)
[2019-03-30 22:45:58.83011] [23438] [debug] Routing to a callback
[2019-03-30 22:45:58.83119] [23438] [debug] 302 Found (0.001834s, 545.256/s)
[2019-03-30 22:45:58.87507] [23438] [debug] GET "/" (d365718d)
[2019-03-30 22:45:58.87550] [23438] [debug] Routing to a callback
[2019-03-30 22:45:58.87768] [23438] [debug] 302 Found (0.002558s, 390.930/s)
[2019-03-30 22:45:58.96949] [23438] [debug] GET "/protected" (4453a223)
[2019-03-30 22:45:58.96998] [23438] [debug] Routing to a callback
[2019-03-30 22:45:58.97095] [23438] [debug] 302 Found (0.001437s, 695.894/s)
[2019-03-30 22:45:59.00116] [23438] [debug] GET "/" (143eec8a)
[2019-03-30 22:45:59.00161] [23438] [debug] Routing to a callback
[2019-03-30 22:45:59.00360] [23438] [debug] 302 Found (0.002394s, 417.711/s)
[2019-03-30 22:45:59.09292] [23438] [debug] GET "/protected" (46a4c337)
[2019-03-30 22:45:59.09332] [23438] [debug] Routing to a callback
[2019-03-30 22:45:59.09427] [23438] [debug] 302 Found (0.001316s, 759.878/s)
[2019-03-30 22:45:59.12472] [23438] [debug] GET "/" (f0ffa2b5)
[2019-03-30 22:45:59.12524] [23438] [debug] Routing to a callback
[2019-03-30 22:45:59.12712] [23438] [debug] 302 Found (0.002366s, 422.654/s)
[2019-03-30 22:45:59.21426] [23438] [debug] GET "/protected" (f1f8f19f)
[2019-03-30 22:45:59.21471] [23438] [debug] Routing to a callback
[2019-03-30 22:45:59.21566] [23438] [debug] 302 Found (0.001365s, 732.601/s)
[2019-03-30 22:45:59.24616] [23438] [debug] GET "/" (debb717d)
[2019-03-30 22:45:59.24656] [23438] [debug] Routing to a callback
[2019-03-30 22:45:59.24826] [23438] [debug] 302 Found (0.002059s, 485.673/s)
[2019-03-30 22:56:05.87394] [23641] [info] Listening at "http://*:3000"
[2019-03-30 22:56:10.49810] [23641] [debug] GET "/" (d16bf549)
[2019-03-30 22:56:10.50116] [23641] [debug] Template "not_found.development.html.ep" not found
[2019-03-30 22:56:10.50168] [23641] [debug] Template "not_found.html.ep" not found
[2019-03-30 22:56:10.50205] [23641] [debug] Rendering template "mojo/debug.html.ep"
[2019-03-30 22:56:10.53450] [23641] [debug] Cookie "mojolicious" has a bad signature
[2019-03-30 22:56:10.56502] [23641] [debug] Cookie "mojolicious" has a bad signature
[2019-03-30 22:56:10.56865] [23641] [debug] 404 Not Found (0.070525s, 14.179/s)
[2019-03-30 22:56:18.15037] [23641] [debug] GET "/login" (1c9cd766)
[2019-03-30 22:56:18.15157] [23641] [debug] Routing to a callback
[2019-03-30 22:56:18.15303] [23641] [debug] Rendering template "index.html.ep" from DATA section
[2019-03-30 22:56:18.15739] [23641] [debug] Cookie "mojolicious" has a bad signature
[2019-03-30 22:56:18.15817] [23641] [debug] Rendering template "layouts/default.html.ep"
[2019-03-30 22:56:18.16250] [23641] [debug] 200 OK (0.012108s, 82.590/s)
[2019-03-30 22:56:35.63870] [23641] [debug] GET "/login" (72a7e5a9)
[2019-03-30 22:56:35.63961] [23641] [debug] Routing to a callback
[2019-03-30 22:56:35.64081] [23641] [debug] Cookie "mojolicious" has a bad signature
[2019-03-30 22:56:35.64113] [23641] [debug] Cookie "mojolicious" has a bad signature
[2019-03-30 22:56:35.64190] [23641] [debug] 302 Found (0.003132s, 319.285/s)
[2019-03-30 22:56:35.68148] [23641] [debug] GET "/protected" (a6fb071f)
[2019-03-30 22:56:35.68244] [23641] [debug] Routing to a callback
[2019-03-30 22:56:35.68391] [23641] [debug] Rendering template "protected.html.ep" from DATA section
[2019-03-30 22:56:35.68715] [23641] [debug] Rendering cached template "layouts/default.html.ep"
[2019-03-30 22:56:35.68879] [23641] [debug] 200 OK (0.007284s, 137.287/s)
[2019-03-30 22:56:53.50433] [23641] [debug] GET "/logout" (d2fff9ac)
[2019-03-30 22:56:53.50499] [23641] [debug] Routing to a callback
[2019-03-30 22:56:53.50575] [23641] [debug] 302 Found (0.00139s, 719.424/s)
[2019-03-30 22:56:53.55106] [23641] [debug] GET "/login" (8d52fbde)
[2019-03-30 22:56:53.55152] [23641] [debug] Routing to a callback
[2019-03-30 22:56:53.55287] [23641] [debug] Rendering cached template "index.html.ep" from DATA section
[2019-03-30 22:56:53.55466] [23641] [debug] Rendering cached template "layouts/default.html.ep"
[2019-03-30 22:56:53.55649] [23641] [debug] 200 OK (0.005395s, 185.357/s)
[2019-03-30 22:57:01.89265] [23641] [debug] GET "/login" (6bd04b64)
[2019-03-30 22:57:01.89361] [23641] [debug] Routing to a callback
[2019-03-30 22:57:01.89476] [23641] [debug] Rendering cached template "index.html.ep" from DATA section
[2019-03-30 22:57:01.89643] [23641] [debug] Rendering cached template "layouts/default.html.ep"
[2019-03-30 22:57:01.89838] [23641] [debug] 200 OK (0.005687s, 175.840/s)
[2019-03-30 22:57:04.65986] [23641] [debug] GET "/login" (498e29fd)
[2019-03-30 22:57:04.66043] [23641] [debug] Routing to a callback
[2019-03-30 22:57:04.66149] [23641] [debug] Rendering cached template "index.html.ep" from DATA section
[2019-03-30 22:57:04.66309] [23641] [debug] Rendering cached template "layouts/default.html.ep"
[2019-03-30 22:57:04.66472] [23641] [debug] 200 OK (0.004832s, 206.954/s)
[2019-03-30 22:57:15.80181] [23641] [debug] GET "/login" (9d810b98)
[2019-03-30 22:57:15.80239] [23641] [debug] Routing to a callback
[2019-03-30 22:57:15.80389] [23641] [debug] 302 Found (0.00204s, 490.196/s)
[2019-03-30 22:57:15.84271] [23641] [debug] GET "/protected" (88ae5531)
[2019-03-30 22:57:15.84320] [23641] [debug] Routing to a callback
[2019-03-30 22:57:15.84426] [23641] [debug] Rendering cached template "protected.html.ep" from DATA section
[2019-03-30 22:57:15.84535] [23641] [debug] Rendering cached template "layouts/default.html.ep"
[2019-03-30 22:57:15.84734] [23641] [debug] 200 OK (0.00459s, 217.865/s)
[2019-03-31 10:58:57.10323] [23786] [info] Listening at "http://*:3000"
[2019-03-31 10:59:05.79197] [23786] [debug] GET "/" (b3266a58)
[2019-03-31 10:59:05.79378] [23786] [debug] Template "not_found.development.html.ep" not found
[2019-03-31 10:59:05.79436] [23786] [debug] Template "not_found.html.ep" not found
[2019-03-31 10:59:05.79455] [23786] [debug] Rendering template "mojo/debug.html.ep"
[2019-03-31 10:59:05.83447] [23786] [debug] 404 Not Found (0.04248s, 23.540/s)
[2019-03-31 10:59:12.33464] [23786] [debug] GET "/login" (7ab0ef52)
[2019-03-31 10:59:12.33503] [23786] [debug] Routing to a callback
[2019-03-31 10:59:12.33559] [23786] [debug] Rendering template "index.html.ep" from DATA section
[2019-03-31 10:59:12.33770] [23786] [debug] Rendering template "layouts/default.html.ep"
[2019-03-31 10:59:12.34095] [23786] [debug] 200 OK (0.006278s, 159.286/s)
[2019-03-31 10:59:17.56474] [23786] [debug] GET "/login" (52077aac)
[2019-03-31 10:59:17.56504] [23786] [debug] Routing to a callback
[2019-03-31 10:59:17.56551] [23786] [debug] Rendering cached template "index.html.ep" from DATA section
[2019-03-31 10:59:17.56624] [23786] [debug] Rendering cached template "layouts/default.html.ep"
[2019-03-31 10:59:17.56697] [23786] [debug] 200 OK (0.002213s, 451.875/s)
[2019-03-31 10:59:23.38086] [23786] [debug] GET "/login" (ee5fede1)
[2019-03-31 10:59:23.38114] [23786] [debug] Routing to a callback
[2019-03-31 10:59:23.38182] [23786] [debug] 302 Found (0.000943s, 1060.445/s)
[2019-03-31 10:59:23.40322] [23786] [debug] GET "/protected" (3aa18d5b)
[2019-03-31 10:59:23.40362] [23786] [debug] Routing to a callback
[2019-03-31 10:59:23.40416] [23786] [debug] Rendering template "protected.html.ep" from DATA section
[2019-03-31 10:59:23.40545] [23786] [debug] Rendering cached template "layouts/default.html.ep"
[2019-03-31 10:59:23.40617] [23786] [debug] 200 OK (0.002953s, 338.639/s)
[2019-03-31 15:51:53.46802] [30889] [info] Listening at "http://*:3000"
[2019-03-31 15:52:08.72162] [30889] [debug] GET "/" (e65212ed)
[2019-03-31 15:52:08.72479] [30889] [debug] Class "Petty::Controller::Login" is not a controller
[2019-03-31 15:52:08.72687] [30889] [debug] Template "login/index.html.ep" not found
[2019-03-31 15:52:08.72749] [30889] [debug] Template "not_found.development.html.ep" not found
[2019-03-31 15:52:08.72780] [30889] [debug] Template "not_found.html.ep" not found
[2019-03-31 15:52:08.72808] [30889] [debug] Rendering template "mojo/debug.html.ep"
[2019-03-31 15:52:08.80763] [30889] [debug] 404 Not Found (0.085979s, 11.631/s)
[2019-03-31 15:52:20.44137] [30889] [debug] GET "/login" (9bf1fca5)
[2019-03-31 15:52:20.44338] [30889] [debug] Template "not_found.development.html.ep" not found
[2019-03-31 15:52:20.44392] [30889] [debug] Template "not_found.html.ep" not found
[2019-03-31 15:52:20.44425] [30889] [debug] Rendering cached template "mojo/debug.html.ep"
[2019-03-31 15:52:20.48512] [30889] [debug] 404 Not Found (0.043728s, 22.869/s)
[2019-03-31 15:52:36.52721] [30889] [debug] GET "/" (698f2931)
[2019-03-31 15:52:36.52778] [30889] [debug] Class "Petty::Controller::Login" is not a controller
[2019-03-31 15:52:36.52823] [30889] [debug] Template "login/index.html.ep" not found
[2019-03-31 15:52:36.52852] [30889] [debug] Template "not_found.development.html.ep" not found
[2019-03-31 15:52:36.52877] [30889] [debug] Template "not_found.html.ep" not found
[2019-03-31 15:52:36.52898] [30889] [debug] Rendering cached template "mojo/debug.html.ep"
[2019-03-31 15:52:36.56805] [30889] [debug] 404 Not Found (0.040798s, 24.511/s)
[2019-03-31 18:42:37.86799] [32610] [info] Listening at "http://*:3000"
[2019-03-31 18:43:40.65494] [308] [debug] GET "/" (7e85f479)
[2019-03-31 18:43:40.65795] [308] [debug] Class "Petty::Controller::Login" is not a controller
[2019-03-31 18:43:40.65990] [308] [debug] Template "login/index.html.ep" not found
[2019-03-31 18:43:40.66049] [308] [debug] Template "not_found.development.html.ep" not found
[2019-03-31 18:43:40.66082] [308] [debug] Template "not_found.html.ep" not found
[2019-03-31 18:43:40.66113] [308] [debug] Rendering template "mojo/debug.html.ep"
[2019-03-31 18:43:40.71930] [308] [debug] 404 Not Found (0.064353s, 15.539/s)
[2019-03-31 18:44:17.40407] [354] [info] Listening at "http://*:3000"
[2019-03-31 18:44:24.81087] [354] [debug] GET "/" (b0ebd014)
[2019-03-31 18:44:24.81268] [354] [debug] Class "Petty::Controller::Login" is not a controller
[2019-03-31 18:44:24.81431] [354] [debug] Template "login/index.html.ep" not found
[2019-03-31 18:44:24.81477] [354] [debug] Template "not_found.development.html.ep" not found
[2019-03-31 18:44:24.81507] [354] [debug] Template "not_found.html.ep" not found
[2019-03-31 18:44:24.81535] [354] [debug] Rendering template "mojo/debug.html.ep"
[2019-03-31 18:44:24.88312] [354] [debug] 404 Not Found (0.072217s, 13.847/s)
[2019-03-31 18:44:31.69411] [354] [debug] GET "/login" (9b9e99a7)
[2019-03-31 18:44:31.69559] [354] [debug] Template "not_found.development.html.ep" not found
[2019-03-31 18:44:31.69598] [354] [debug] Template "not_found.html.ep" not found
[2019-03-31 18:44:31.69621] [354] [debug] Rendering cached template "mojo/debug.html.ep"
[2019-03-31 18:44:31.73552] [354] [debug] 404 Not Found (0.041376s, 24.169/s)
[2019-03-31 18:44:39.63929] [354] [debug] GET "/protected" (6a1837c2)
[2019-03-31 18:44:39.64047] [354] [debug] Class "Petty::Controller::Login" is not a controller
[2019-03-31 18:44:39.64082] [354] [debug] Class "Petty::Controller::Login" is not a controller
[2019-03-31 18:44:39.64142] [354] [debug] Template "login/protected.html.ep" not found
[2019-03-31 18:44:39.64204] [354] [debug] Template "not_found.development.html.ep" not found
[2019-03-31 18:44:39.64245] [354] [debug] Template "not_found.html.ep" not found
[2019-03-31 18:44:39.64274] [354] [debug] Rendering cached template "mojo/debug.html.ep"
[2019-03-31 18:44:39.68183] [354] [debug] 404 Not Found (0.042517s, 23.520/s)
[2019-03-31 18:58:08.66459] [809] [info] Listening at "http://*:3000"
[2019-03-31 18:58:21.79251] [809] [debug] GET "/" (7a1839d6)
[2019-03-31 18:58:21.79441] [809] [debug] Class "Petty::Controller::Login" is not a controller
[2019-03-31 18:58:21.79607] [809] [debug] Rendering template "login/index.html.ep"
[2019-03-31 18:58:21.80577] [809] [debug] Rendering template "layouts/default.html.ep"
[2019-03-31 18:58:21.81277] [809] [debug] 200 OK (0.020225s, 49.444/s)
[2019-03-31 18:58:28.69440] [809] [debug] GET "/" (f6e6bba1)
[2019-03-31 18:58:28.69529] [809] [debug] Class "Petty::Controller::Login" is not a controller
[2019-03-31 18:58:28.69572] [809] [debug] Rendering cached template "login/index.html.ep"
[2019-03-31 18:58:28.69753] [809] [debug] Rendering cached template "layouts/default.html.ep"
[2019-03-31 18:58:28.69926] [809] [debug] 200 OK (0.00483s, 207.039/s)
[2019-03-31 18:58:34.27370] [809] [debug] GET "/" (c8d0881e)
[2019-03-31 18:58:34.27428] [809] [debug] Class "Petty::Controller::Login" is not a controller
[2019-03-31 18:58:34.27454] [809] [debug] Rendering cached template "login/index.html.ep"
[2019-03-31 18:58:34.27558] [809] [debug] Rendering cached template "layouts/default.html.ep"
[2019-03-31 18:58:34.27795] [809] [debug] 200 OK (0.004156s, 240.616/s)
[2019-03-31 18:58:42.21933] [809] [debug] GET "/" (9acd9d2b)
[2019-03-31 18:58:42.22013] [809] [debug] Class "Petty::Controller::Login" is not a controller
[2019-03-31 18:58:42.22053] [809] [debug] Rendering cached template "login/index.html.ep"
[2019-03-31 18:58:42.22227] [809] [debug] Rendering cached template "layouts/default.html.ep"
[2019-03-31 18:58:42.22408] [809] [debug] 200 OK (0.004714s, 212.134/s)
[2019-03-31 19:01:46.29771] [920] [info] Listening at "http://*:3000"
[2019-03-31 19:02:01.16725] [920] [debug] GET "/" (1475271a)
[2019-03-31 19:02:01.16998] [920] [debug] Routing to controller "Petty::Controller::Login" and action "index"
[2019-03-31 19:02:01.17322] [920] [debug] Rendering template "login/index.html.ep"
[2019-03-31 19:02:01.17816] [920] [debug] Rendering template "layouts/default.html.ep"
[2019-03-31 19:02:01.18275] [920] [debug] 200 OK (0.015472s, 64.633/s)
[2019-03-31 19:02:07.52588] [920] [debug] GET "/" (f771fd11)
[2019-03-31 19:02:07.52668] [920] [debug] Routing to controller "Petty::Controller::Login" and action "index"
[2019-03-31 19:02:07.52870] [920] [debug] 302 Found (0.0028s, 357.143/s)
[2019-03-31 19:02:07.55870] [920] [debug] GET "/protected" (77b67823)
[2019-03-31 19:02:07.55986] [920] [debug] Routing to controller "Petty::Controller::Login" and action "logged_in"
[2019-03-31 19:02:07.56072] [920] [debug] Routing to controller "Petty::Controller::Login" and action "protected"
[2019-03-31 19:02:07.56085] [920] [debug] Action not found in controller
[2019-03-31 19:02:07.56137] [920] [debug] Rendering template "login/protected.html.ep"
[2019-03-31 19:02:07.56443] [920] [debug] Rendering cached template "layouts/default.html.ep"
[2019-03-31 19:02:07.56626] [920] [debug] 200 OK (0.007538s, 132.661/s)
[2019-03-31 19:02:21.72961] [920] [debug] GET "/logout" (cafa493d)
[2019-03-31 19:02:21.73085] [920] [debug] Routing to controller "Petty::Controller::Login" and action "logout"
[2019-03-31 19:02:21.73201] [920] [debug] 302 Found (0.002361s, 423.549/s)
[2019-03-31 19:02:21.77046] [920] [debug] GET "/" (c5220fdc)
[2019-03-31 19:02:21.77103] [920] [debug] Routing to controller "Petty::Controller::Login" and action "index"
[2019-03-31 19:02:21.77199] [920] [debug] Rendering cached template "login/index.html.ep"
[2019-03-31 19:02:21.77341] [920] [debug] Rendering cached template "layouts/default.html.ep"
[2019-03-31 19:02:21.77516] [920] [debug] 200 OK (0.00465s, 215.054/s)
[2019-03-31 19:02:27.80838] [920] [debug] GET "/" (0c49a0cf)
[2019-03-31 19:02:27.80921] [920] [debug] Routing to controller "Petty::Controller::Login" and action "index"
[2019-03-31 19:02:27.81054] [920] [debug] Rendering cached template "login/index.html.ep"
[2019-03-31 19:02:27.81215] [920] [debug] Rendering cached template "layouts/default.html.ep"
[2019-03-31 19:02:27.81404] [920] [debug] 200 OK (0.005624s, 177.809/s)
[2019-03-31 21:34:40.50213] [3844] [info] Listening at "http://*:3000"
[2019-03-31 21:34:59.75715] [3844] [debug] GET "/" (f983de89)
[2019-03-31 21:34:59.76000] [3844] [debug] Routing to controller "Petty::Controller::Login" and action "index"
[2019-03-31 21:34:59.76355] [3844] [debug] Rendering template "login/index.html.ep"
[2019-03-31 21:34:59.77280] [3844] [debug] Rendering template "layouts/default.html.ep"
[2019-03-31 21:34:59.77834] [3844] [debug] 200 OK (0.02116s, 47.259/s)
[2019-03-31 21:35:06.67855] [3844] [debug] GET "/" (3fc62eb3)
[2019-03-31 21:35:06.67935] [3844] [debug] Routing to controller "Petty::Controller::Login" and action "index"
[2019-03-31 21:35:06.68132] [3844] [debug] 302 Found (0.002719s, 367.782/s)
[2019-03-31 21:35:06.78837] [3844] [debug] GET "/protected" (66cc51db)
[2019-03-31 21:35:06.78951] [3844] [debug] Routing to controller "Petty::Controller::Login" and action "logged_in"
[2019-03-31 21:35:06.79043] [3844] [debug] Routing to controller "Petty::Controller::Login" and action "protected"
[2019-03-31 21:35:06.79058] [3844] [debug] Action not found in controller
[2019-03-31 21:35:06.79111] [3844] [debug] Rendering template "login/protected.html.ep"
[2019-03-31 21:35:06.79451] [3844] [debug] Rendering cached template "layouts/default.html.ep"
[2019-03-31 21:35:06.79580] [3844] [debug] 200 OK (0.007411s, 134.935/s)
[2019-03-31 21:35:09.92333] [3844] [debug] GET "/" (fdfb9c23)
[2019-03-31 21:35:09.92395] [3844] [debug] Routing to controller "Petty::Controller::Login" and action "index"
[2019-03-31 21:35:09.92495] [3844] [debug] Rendering cached template "login/index.html.ep"
[2019-03-31 21:35:09.92677] [3844] [debug] Rendering cached template "layouts/default.html.ep"
[2019-03-31 21:35:09.92856] [3844] [debug] 200 OK (0.005188s, 192.753/s)
[2019-03-31 21:35:16.45880] [3844] [debug] GET "/yancy" (3cb9e324)
[2019-03-31 21:35:16.46468] [3844] [debug] Routing to controller "Yancy::Controller::Yancy::API" and action "index"
[2019-03-31 21:35:16.46494] [3844] [debug] Action not found in controller
[2019-03-31 21:35:16.46546] [3844] [debug] Rendering template "yancy/index.html.ep"
[2019-03-31 21:35:16.49429] [3844] [debug] Rendering template "layouts/yancy.html.ep"
[2019-03-31 21:35:16.50168] [3844] [debug] 200 OK (0.042851s, 23.337/s)
[2019-03-31 21:35:17.14372] [3844] [debug] GET "/yancy/api" (0e0e8469)
[2019-03-31 21:35:17.14472] [3844] [debug] Routing to a callback
[2019-03-31 21:35:17.15177] [3844] [debug] 200 OK (0.008001s, 124.984/s)
[2019-03-31 21:35:17.21956] [3844] [debug] GET "/yancy/api/pages" (7f562633)
[2019-03-31 21:35:17.22261] [3844] [debug] Routing to controller "Yancy::Controller::Yancy::API" and action "list_items"
[2019-03-31 21:35:17.75297] [3844] [debug] 200 OK (0.533343s, 1.875/s)
[2019-03-31 21:35:29.91525] [3844] [debug] GET "/yanciness" (253914cb)
[2019-03-31 21:35:29.91691] [3844] [debug] Template "not_found.development.html.ep" not found
[2019-03-31 21:35:29.91740] [3844] [debug] Template "not_found.html.ep" not found
[2019-03-31 21:35:29.91778] [3844] [debug] Rendering template "mojo/debug.html.ep"
[2019-03-31 21:35:29.98894] [3844] [debug] 404 Not Found (0.07366s, 13.576/s)
[2019-03-31 21:35:34.69970] [3844] [debug] GET "/yanciness/index" (f61be591)
[2019-03-31 21:35:34.70078] [3844] [debug] Routing to a callback
[2019-03-31 21:35:34.70151] [3844] [debug] Template "yancinessid.html.ep" not found
[2019-03-31 21:35:34.70170] [3844] [debug] Nothing has been rendered, expecting delayed response
[2019-03-31 21:35:49.69762] [3844] [debug] Inactivity timeout
[2019-03-31 21:35:49.70295] [3844] [debug] GET "/yanciness/index" (add934d5)
[2019-03-31 21:35:49.70355] [3844] [debug] Routing to a callback
[2019-03-31 21:35:49.70422] [3844] [debug] Template "yancinessid.html.ep" not found
[2019-03-31 21:35:49.70442] [3844] [debug] Nothing has been rendered, expecting delayed response
[2019-03-31 21:35:54.13298] [3844] [debug] GET "/yanciness/1" (62f84cff)
[2019-03-31 21:35:54.13383] [3844] [debug] Routing to a callback
[2019-03-31 21:35:54.13439] [3844] [debug] Template "yancinessid.html.ep" not found
[2019-03-31 21:35:54.13454] [3844] [debug] Nothing has been rendered, expecting delayed response
[2019-03-31 21:36:09.13200] [3844] [debug] Inactivity timeout
[2019-03-31 21:36:09.13776] [3844] [debug] GET "/yanciness/1" (e9c2eed3)
[2019-03-31 21:36:09.13835] [3844] [debug] Routing to a callback
[2019-03-31 21:36:09.13896] [3844] [debug] Template "yancinessid.html.ep" not found
[2019-03-31 21:36:09.13914] [3844] [debug] Nothing has been rendered, expecting delayed response
[2019-03-31 21:36:17.85505] [3844] [debug] GET "/yancy/api/pagest/1" (4fb18693)
[2019-03-31 21:36:17.85775] [3844] [debug] 404 Not Found (0.002666s, 375.094/s)
[2019-03-31 21:36:34.82149] [3844] [debug] GET "/index" (abc54051)
[2019-03-31 21:36:34.82290] [3844] [debug] Template "not_found.development.html.ep" not found
[2019-03-31 21:36:34.82337] [3844] [debug] Template "not_found.html.ep" not found
[2019-03-31 21:36:34.82367] [3844] [debug] Rendering cached template "mojo/debug.html.ep"
[2019-03-31 21:36:34.86890] [3844] [debug] 404 Not Found (0.047372s, 21.110/s)
[2019-03-31 21:36:56.77129] [3844] [debug] GET "/yancy/api/pages" (0471820e)
[2019-03-31 21:36:56.77418] [3844] [debug] Routing to controller "Yancy::Controller::Yancy::API" and action "list_items"
[2019-03-31 21:36:56.78843] [3844] [debug] 200 OK (0.017079s, 58.551/s)
[2019-03-31 21:37:35.23644] [3844] [debug] GET "/yancy/api/pages/1" (4eef8484)
[2019-03-31 21:37:35.23898] [3844] [debug] Routing to controller "Yancy::Controller::Yancy::API" and action "get_item"
[2019-03-31 21:37:35.24596] [3844] [warn] OpenAPI >>> GET /yancy/api/pages/1 [{"message":"Missing property.","path":"\/path"}]
[2019-03-31 21:37:35.24655] [3844] [debug] 500 Internal Server Error (0.010087s, 99.138/s)
[2019-03-31 21:37:46.22480] [3844] [debug] GET "/yancy/api/pages/1id" (91c40b79)
[2019-03-31 21:37:46.23567] [3844] [debug] Routing to controller "Yancy::Controller::Yancy::API" and action "get_item"
[2019-03-31 21:37:46.24690] [3844] [warn] OpenAPI >>> GET /yancy/api/pages/1id [{"message":"Missing property.","path":"\/path"}]
[2019-03-31 21:37:46.24740] [3844] [debug] 500 Internal Server Error (0.022604s, 44.240/s)
[2019-03-31 21:38:55.68632] [3844] [debug] GET "/yancy" (97e6a12a)
[2019-03-31 21:38:55.68835] [3844] [debug] Routing to controller "Yancy::Controller::Yancy::API" and action "index"
[2019-03-31 21:38:55.68853] [3844] [debug] Action not found in controller
[2019-03-31 21:38:55.68883] [3844] [debug] Rendering cached template "yancy/index.html.ep"
[2019-03-31 21:38:55.69080] [3844] [debug] Rendering cached template "layouts/yancy.html.ep"
[2019-03-31 21:38:55.69377] [3844] [debug] 200 OK (0.007395s, 135.227/s)
[2019-03-31 21:38:56.33304] [3844] [debug] GET "/yancy/api" (30eedaf0)
[2019-03-31 21:38:56.33360] [3844] [debug] Routing to a callback
[2019-03-31 21:38:56.34068] [3844] [debug] 200 OK (0.007587s, 131.804/s)
[2019-03-31 21:38:56.41150] [3844] [debug] GET "/yancy/api/pages" (2bab7f1c)
[2019-03-31 21:38:56.41549] [3844] [debug] Routing to controller "Yancy::Controller::Yancy::API" and action "list_items"
[2019-03-31 21:38:56.43517] [3844] [debug] 200 OK (0.023627s, 42.324/s)
[2019-03-31 21:39:33.42249] [3844] [debug] GET "/yancy/api/pages/index" (cca17517)
[2019-03-31 21:39:33.42600] [3844] [debug] Routing to controller "Yancy::Controller::Yancy::API" and action "get_item"
[2019-03-31 21:39:33.43485] [3844] [debug] 200 OK (0.012312s, 81.222/s)
[2019-03-31 21:40:52.78891] [3844] [debug] GET "/yanciness/index" (de837c9b)
[2019-03-31 21:40:52.78951] [3844] [debug] Routing to a callback
[2019-03-31 21:40:52.79015] [3844] [debug] Template "yancinessid.html.ep" not found
[2019-03-31 21:40:52.79030] [3844] [debug] Nothing has been rendered, expecting delayed response
[2019-03-31 21:41:07.78642] [3844] [debug] Inactivity timeout
[2019-03-31 21:41:07.79155] [3844] [debug] GET "/yanciness/index" (8ea67eb3)
[2019-03-31 21:41:07.79211] [3844] [debug] Routing to a callback
[2019-03-31 21:41:07.79272] [3844] [debug] Template "yancinessid.html.ep" not found
[2019-03-31 21:41:07.79290] [3844] [debug] Nothing has been rendered, expecting delayed response
[2019-03-31 21:41:22.78937] [3844] [debug] Inactivity timeout
[2019-03-31 21:41:22.79552] [3844] [debug] GET "/yanciness/index" (faa8b747)
[2019-03-31 21:41:22.79599] [3844] [debug] Routing to a callback
[2019-03-31 21:41:22.79651] [3844] [debug] Template "yancinessid.html.ep" not found
[2019-03-31 21:41:22.79666] [3844] [debug] Nothing has been rendered, expecting delayed response
[2019-03-31 21:43:05.43277] [4135] [info] Listening at "http://*:3000"
[2019-03-31 21:43:18.99249] [4135] [debug] GET "/yanciness/index" (021acf0c)
[2019-03-31 21:43:18.99392] [4135] [debug] Routing to a callback
[2019-03-31 21:43:18.99592] [4135] [debug] Template "yancinessid.html.ep" not found
[2019-03-31 21:43:18.99614] [4135] [debug] Nothing has been rendered, expecting delayed response
[2019-03-31 21:43:25.45696] [4135] [debug] GET "/yanciness/" (87e8c33f)
[2019-03-31 21:43:25.45908] [4135] [debug] Template "not_found.development.html.ep" not found
[2019-03-31 21:43:25.45965] [4135] [debug] Template "not_found.html.ep" not found
[2019-03-31 21:43:25.46008] [4135] [debug] Rendering template "mojo/debug.html.ep"
[2019-03-31 21:43:25.49312] [4135] [debug] Cookie "mojolicious" has a bad signature
[2019-03-31 21:43:25.52342] [4135] [debug] Cookie "mojolicious" has a bad signature
[2019-03-31 21:43:25.52786] [4135] [debug] 404 Not Found (0.070863s, 14.112/s)
[2019-03-31 21:43:37.69529] [4135] [debug] GET "/" (7c57e3f2)
[2019-03-31 21:43:37.69820] [4135] [debug] Routing to controller "Petty::Controller::Login" and action "index"
[2019-03-31 21:43:37.69954] [4135] [debug] Rendering template "login/index.html.ep"
[2019-03-31 21:43:37.70321] [4135] [debug] Cookie "mojolicious" has a bad signature
[2019-03-31 21:43:37.70429] [4135] [debug] Rendering template "layouts/default.html.ep"
[2019-03-31 21:43:37.71046] [4135] [debug] 200 OK (0.015135s, 66.072/s)
[2019-03-31 21:44:01.79953] [4135] [debug] GET "/" (84976fce)
[2019-03-31 21:44:01.80137] [4135] [debug] Routing to controller "Petty::Controller::Login" and action "index"
[2019-03-31 21:44:01.80260] [4135] [debug] Cookie "mojolicious" has a bad signature
[2019-03-31 21:44:01.80289] [4135] [debug] Cookie "mojolicious" has a bad signature
[2019-03-31 21:44:01.80351] [4135] [debug] 302 Found (0.003959s, 252.589/s)
[2019-03-31 21:44:01.90526] [4135] [debug] GET "/protected" (48e32278)
[2019-03-31 21:44:01.90629] [4135] [debug] Routing to controller "Petty::Controller::Login" and action "logged_in"
[2019-03-31 21:44:01.90713] [4135] [debug] Routing to controller "Petty::Controller::Login" and action "protected"
[2019-03-31 21:44:01.90727] [4135] [debug] Action not found in controller
[2019-03-31 21:44:01.90779] [4135] [debug] Rendering template "login/protected.html.ep"
[2019-03-31 21:44:01.91093] [4135] [debug] Rendering cached template "layouts/default.html.ep"
[2019-03-31 21:44:01.91285] [4135] [debug] 200 OK (0.007546s, 132.521/s)
[2019-03-31 21:44:04.78098] [4135] [debug] GET "/" (4d15cb5f)
[2019-03-31 21:44:04.78155] [4135] [debug] Routing to controller "Petty::Controller::Login" and action "index"
[2019-03-31 21:44:04.78248] [4135] [debug] Rendering cached template "login/index.html.ep"
[2019-03-31 21:44:04.78407] [4135] [debug] Rendering cached template "layouts/default.html.ep"
[2019-03-31 21:44:04.78579] [4135] [debug] 200 OK (0.004764s, 209.908/s)
[2019-03-31 21:44:10.30759] [4135] [debug] GET "/index" (6628f32b)
[2019-03-31 21:44:10.30892] [4135] [debug] Template "not_found.development.html.ep" not found
[2019-03-31 21:44:10.30938] [4135] [debug] Template "not_found.html.ep" not found
[2019-03-31 21:44:10.30967] [4135] [debug] Rendering cached template "mojo/debug.html.ep"
[2019-03-31 21:44:10.34996] [4135] [debug] 404 Not Found (0.042282s, 23.651/s)
[2019-03-31 21:44:18.35908] [4135] [debug] GET "/yancy/index" (41f4c5a6)
[2019-03-31 21:44:18.36023] [4135] [debug] Template "not_found.development.html.ep" not found
[2019-03-31 21:44:18.36060] [4135] [debug] Template "not_found.html.ep" not found
[2019-03-31 21:44:18.36076] [4135] [debug] Rendering cached template "mojo/debug.html.ep"
[2019-03-31 21:44:18.40028] [4135] [debug] 404 Not Found (0.041156s, 24.298/s)
[2019-03-31 21:44:28.21423] [4135] [debug] GET "/yancy/pages/index" (c93c29c7)
[2019-03-31 21:44:28.21558] [4135] [debug] Template "not_found.development.html.ep" not found
[2019-03-31 21:44:28.21600] [4135] [debug] Template "not_found.html.ep" not found
[2019-03-31 21:44:28.21624] [4135] [debug] Rendering cached template "mojo/debug.html.ep"
[2019-03-31 21:44:28.25496] [4135] [debug] 404 Not Found (0.040699s, 24.571/s)
[2019-03-31 21:44:35.90450] [4135] [debug] GET "/yancy/api/pages/index" (048cf8fd)
[2019-03-31 21:44:35.91166] [4135] [debug] Routing to controller "Yancy::Controller::Yancy::API" and action "get_item"
[2019-03-31 21:44:35.92255] [4135] [debug] 200 OK (0.018003s, 55.546/s)
[2019-03-31 22:24:24.06381] [4817] [info] Listening at "http://*:3000"
[2019-03-31 22:24:47.76862] [4914] [info] Listening at "http://*:3000"
[2019-03-31 22:25:00.24796] [4914] [debug] GET "/login" (3c79d338)
[2019-03-31 22:25:00.25113] [4914] [debug] Template "not_found.development.html.ep" not found
[2019-03-31 22:25:00.25164] [4914] [debug] Template "not_found.html.ep" not found
[2019-03-31 22:25:00.25198] [4914] [debug] Rendering template "mojo/debug.html.ep"
[2019-03-31 22:25:00.28399] [4914] [debug] Cookie "mojolicious" has a bad signature
[2019-03-31 22:25:00.31473] [4914] [debug] Cookie "mojolicious" has a bad signature
[2019-03-31 22:25:00.31841] [4914] [debug] 404 Not Found (0.070441s, 14.196/s)
[2019-03-31 22:25:05.70721] [4914] [debug] GET "/" (c4366094)
[2019-03-31 22:25:05.71062] [4914] [debug] Routing to controller "Petty::Controller::Login" and action "index"
[2019-03-31 22:25:05.71201] [4914] [debug] Rendering template "login/index.html.ep"
[2019-03-31 22:25:05.71569] [4914] [debug] Cookie "mojolicious" has a bad signature
[2019-03-31 22:25:05.71678] [4914] [debug] Rendering template "layouts/default.html.ep"
[2019-03-31 22:25:05.72271] [4914] [debug] 200 OK (0.015477s, 64.612/s)
[2019-03-31 22:25:15.56621] [4914] [debug] GET "/" (fcb938f8)
[2019-03-31 22:25:15.56691] [4914] [debug] Routing to controller "Petty::Controller::Login" and action "index"
[2019-03-31 22:25:15.56803] [4914] [debug] Cookie "mojolicious" has a bad signature
[2019-03-31 22:25:15.63980] [4914] [debug] Cookie "mojolicious" has a bad signature
[2019-03-31 22:25:15.64093] [4914] [debug] 302 Found (0.074667s, 13.393/s)
[2019-03-31 22:25:15.74903] [4914] [debug] GET "/protected" (c9753161)
[2019-03-31 22:25:15.75005] [4914] [debug] Routing to controller "Petty::Controller::Login" and action "logged_in"
[2019-03-31 22:25:15.75092] [4914] [debug] Routing to controller "Petty::Controller::Login" and action "protected"
[2019-03-31 22:25:15.75107] [4914] [debug] Action not found in controller
[2019-03-31 22:25:15.75160] [4914] [debug] Rendering template "login/protected.html.ep"
[2019-03-31 22:25:15.75478] [4914] [debug] Rendering cached template "layouts/default.html.ep"
[2019-03-31 22:25:15.75665] [4914] [debug] 200 OK (0.007585s, 131.839/s)
[2019-03-31 22:30:24.41797] [5021] [info] Listening at "http://*:3000"
[2019-03-31 22:30:32.64381] [5021] [debug] GET "/login" (e85f4034)
[2019-03-31 22:30:32.64703] [5021] [debug] Template "not_found.development.html.ep" not found
[2019-03-31 22:30:32.64752] [5021] [debug] Template "not_found.html.ep" not found
[2019-03-31 22:30:32.64784] [5021] [debug] Rendering template "mojo/debug.html.ep"
[2019-03-31 22:30:32.67927] [5021] [debug] Cookie "mojolicious" has a bad signature
[2019-03-31 22:30:32.71027] [5021] [debug] Cookie "mojolicious" has a bad signature
[2019-03-31 22:30:32.71390] [5021] [debug] 404 Not Found (0.070042s, 14.277/s)
[2019-03-31 22:30:41.24565] [5021] [debug] GET "/" (8c7d3b2a)
[2019-03-31 22:30:41.24770] [5021] [debug] Routing to controller "Petty::Controller::Login" and action "index"
[2019-03-31 22:30:41.24874] [5021] [debug] Rendering template "login/index.html.ep"
[2019-03-31 22:30:41.25175] [5021] [debug] Cookie "mojolicious" has a bad signature
[2019-03-31 22:30:41.25273] [5021] [debug] Rendering template "layouts/default.html.ep"
[2019-03-31 22:30:41.25823] [5021] [debug] 200 OK (0.012542s, 79.732/s)
[2019-03-31 22:30:48.10663] [5021] [debug] GET "/" (2143c284)
[2019-03-31 22:30:48.10745] [5021] [debug] Routing to controller "Petty::Controller::Login" and action "index"
[2019-03-31 22:30:48.10991] [5021] [debug] Cookie "mojolicious" has a bad signature
[2019-03-31 22:30:48.11184] [5021] [debug] Cookie "mojolicious" has a bad signature
[2019-03-31 22:30:48.11256] [5021] [debug] 302 Found (0.00591s, 169.205/s)
[2019-03-31 22:30:48.21618] [5021] [debug] GET "/protected" (7c96ecae)
[2019-03-31 22:30:48.21730] [5021] [debug] Routing to controller "Petty::Controller::Login" and action "logged_in"
[2019-03-31 22:30:48.21836] [5021] [debug] Routing to controller "Petty::Controller::Login" and action "protected"
[2019-03-31 22:30:48.21853] [5021] [debug] Action not found in controller
[2019-03-31 22:30:48.21901] [5021] [debug] Rendering template "login/protected.html.ep"
[2019-03-31 22:30:48.22172] [5021] [debug] Rendering cached template "layouts/default.html.ep"
[2019-03-31 22:30:48.22340] [5021] [debug] 200 OK (0.007192s, 139.043/s)
[2019-03-31 22:31:29.36599] [5087] [info] Listening at "http://*:3000"
[2019-03-31 22:31:36.06178] [5087] [debug] GET "/" (9058fac2)
[2019-03-31 22:31:36.06510] [5087] [debug] Routing to controller "Petty::Controller::Login" and action "index"
[2019-03-31 22:31:36.06794] [5087] [debug] Rendering template "login/index.html.ep"
[2019-03-31 22:31:36.07176] [5087] [debug] Cookie "mojolicious" has a bad signature
[2019-03-31 22:31:36.07323] [5087] [debug] Rendering template "layouts/default.html.ep"
[2019-03-31 22:31:36.07878] [5087] [debug] 200 OK (0.016974s, 58.914/s)
[2019-03-31 22:31:43.58579] [5087] [debug] GET "/" (9402bf03)
[2019-03-31 22:31:43.58647] [5087] [debug] Routing to controller "Petty::Controller::Login" and action "index"
[2019-03-31 22:31:43.58747] [5087] [debug] Cookie "mojolicious" has a bad signature
[2019-03-31 22:31:43.58772] [5087] [debug] Cookie "mojolicious" has a bad signature
[2019-03-31 22:31:43.58807] [5087] [debug] Cookie "mojolicious" has a bad signature
[2019-03-31 22:31:43.58867] [5087] [debug] 302 Found (0.002847s, 351.247/s)
[2019-03-31 22:31:43.69157] [5087] [debug] GET "/protected" (21de5d28)
[2019-03-31 22:31:43.69263] [5087] [debug] Routing to controller "Petty::Controller::Login" and action "logged_in"
[2019-03-31 22:31:43.69342] [5087] [debug] Routing to controller "Petty::Controller::Login" and action "protected"
[2019-03-31 22:31:43.69355] [5087] [debug] Action not found in controller
[2019-03-31 22:31:43.69408] [5087] [debug] Rendering template "login/protected.html.ep"
[2019-03-31 22:31:43.69706] [5087] [debug] Rendering cached template "layouts/default.html.ep"
[2019-03-31 22:31:43.69870] [5087] [debug] 200 OK (0.007089s, 141.064/s)
